Avvio ascensore: Tue Feb  7 16:33:56 2017

[SALITO] Bambino al piano 0, destinazione 3, tempo dall'avvio 2, Tue Feb  7 16:33:58 2017

[SALITO] Adulto al piano 1, destinazione 0, tempo dall'avvio 11, Tue Feb  7 16:34:07 2017

[SALITO] Bambino al piano 1, destinazione 0, tempo dall'avvio 11, Tue Feb  7 16:34:07 2017

[SALITO] Adulto al piano 1, destinazione 2, tempo dall'avvio 11, Tue Feb  7 16:34:07 2017

[SCESO] Adulto al piano 2, tempo dall'avvio 17, Tue Feb  7 16:34:13 2017

[SALITO] Bambino al piano 2, destinazione 1, tempo dall'avvio 19, Tue Feb  7 16:34:15 2017

[SALITO] Addetto alla consegna al piano 2, destinazione 0, tempo dall'avvio 19, Tue Feb  7 16:34:15 2017

[SCESO] Bambino al piano 3, tempo dall'avvio 25, Tue Feb  7 16:34:21 2017

[SALITO] Bambino al piano 3, destinazione 0, tempo dall'avvio 31, Tue Feb  7 16:34:27 2017

[SCESO] Bambino al piano 1, tempo dall'avvio 46, Tue Feb  7 16:34:42 2017

[SCESO] Adulto al piano 0, tempo dall'avvio 58, Tue Feb  7 16:34:54 2017

[SCESO] Bambino al piano 0, tempo dall'avvio 58, Tue Feb  7 16:34:54 2017

[SCESO] Addetto alla consegna al piano 0, tempo dall'avvio 58, Tue Feb  7 16:34:54 2017

[SCESO] Bambino al piano 0, tempo dall'avvio 58, Tue Feb  7 16:34:54 2017

[SALITO] Adulto al piano 0, destinazione 2, tempo dall'avvio 65, Tue Feb  7 16:35:01 2017

[SALITO] Addetto alla consegna al piano 0, destinazione 1, tempo dall'avvio 65, Tue Feb  7 16:35:01 2017

[SALITO] Bambino al piano 0, destinazione 3, tempo dall'avvio 65, Tue Feb  7 16:35:01 2017

[SALITO] Addetto alla consegna al piano 0, destinazione 2, tempo dall'avvio 65, Tue Feb  7 16:35:01 2017

[SCESO] Addetto alla consegna al piano 1, tempo dall'avvio 71, Tue Feb  7 16:35:07 2017

[SALITO] Addetto alla consegna al piano 1, destinazione 3, tempo dall'avvio 73, Tue Feb  7 16:35:09 2017

[SCESO] Adulto al piano 2, tempo dall'avvio 79, Tue Feb  7 16:35:15 2017

[SCESO] Addetto alla consegna al piano 2, tempo dall'avvio 79, Tue Feb  7 16:35:15 2017

[SALITO] Adulto al piano 2, destinazione 3, tempo dall'avvio 80, Tue Feb  7 16:35:16 2017

[SALITO] Addetto alla consegna al piano 2, destinazione 1, tempo dall'avvio 80, Tue Feb  7 16:35:16 2017

[SCESO] Bambino al piano 3, tempo dall'avvio 86, Tue Feb  7 16:35:22 2017

[SCESO] Addetto alla consegna al piano 3, tempo dall'avvio 86, Tue Feb  7 16:35:22 2017

[SCESO] Adulto al piano 3, tempo dall'avvio 86, Tue Feb  7 16:35:22 2017

[SALITO] Adulto al piano 3, destinazione 2, tempo dall'avvio 89, Tue Feb  7 16:35:25 2017

[SALITO] Addetto alla consegna al piano 3, destinazione 1, tempo dall'avvio 89, Tue Feb  7 16:35:25 2017

[SALITO] Bambino al piano 3, destinazione 0, tempo dall'avvio 89, Tue Feb  7 16:35:25 2017

[SCESO] Adulto al piano 2, tempo dall'avvio 95, Tue Feb  7 16:35:31 2017

[SALITO] Adulto al piano 2, destinazione 0, tempo dall'avvio 104, Tue Feb  7 16:35:40 2017

[SCESO] Addetto alla consegna al piano 1, tempo dall'avvio 110, Tue Feb  7 16:35:46 2017

[SCESO] Addetto alla consegna al piano 1, tempo dall'avvio 110, Tue Feb  7 16:35:46 2017

[SALITO] Adulto al piano 1, destinazione 2, tempo dall'avvio 112, Tue Feb  7 16:35:48 2017

[SALITO] Addetto alla consegna al piano 1, destinazione 3, tempo dall'avvio 112, Tue Feb  7 16:35:48 2017

[SCESO] Bambino al piano 0, tempo dall'avvio 118, Tue Feb  7 16:35:54 2017

[SCESO] Adulto al piano 0, tempo dall'avvio 118, Tue Feb  7 16:35:54 2017

[SALITO] Adulto al piano 0, destinazione 1, tempo dall'avvio 120, Tue Feb  7 16:35:56 2017

[SALITO] Bambino al piano 0, destinazione 2, tempo dall'avvio 120, Tue Feb  7 16:35:56 2017

[SCESO] Adulto al piano 1, tempo dall'avvio 126, Tue Feb  7 16:36:02 2017

[SALITO] Bambino al piano 1, destinazione 2, tempo dall'avvio 134, Tue Feb  7 16:36:10 2017

[SALITO] Bambino al piano 1, destinazione 0, tempo dall'avvio 134, Tue Feb  7 16:36:10 2017

[SCESO] Adulto al piano 2, tempo dall'avvio 140, Tue Feb  7 16:36:16 2017

[SCESO] Bambino al piano 2, tempo dall'avvio 140, Tue Feb  7 16:36:16 2017

[SCESO] Bambino al piano 2, tempo dall'avvio 140, Tue Feb  7 16:36:16 2017

[SALITO] Addetto alla consegna al piano 2, destinazione 3, tempo dall'avvio 149, Tue Feb  7 16:36:25 2017

[SALITO] Bambino al piano 2, destinazione 0, tempo dall'avvio 149, Tue Feb  7 16:36:25 2017

[SALITO] Bambino al piano 2, destinazione 1, tempo dall'avvio 149, Tue Feb  7 16:36:25 2017

[SCESO] Addetto alla consegna al piano 3, tempo dall'avvio 155, Tue Feb  7 16:36:31 2017

[SCESO] Addetto alla consegna al piano 3, tempo dall'avvio 155, Tue Feb  7 16:36:31 2017

[SALITO] Adulto al piano 3, destinazione 2, tempo dall'avvio 157, Tue Feb  7 16:36:33 2017

[SALITO] Adulto al piano 3, destinazione 1, tempo dall'avvio 157, Tue Feb  7 16:36:33 2017

[SCESO] Adulto al piano 2, tempo dall'avvio 163, Tue Feb  7 16:36:39 2017

[SALITO] Adulto al piano 2, destinazione 3, tempo dall'avvio 168, Tue Feb  7 16:36:44 2017

[SCESO] Bambino al piano 1, tempo dall'avvio 174, Tue Feb  7 16:36:50 2017

[SCESO] Adulto al piano 1, tempo dall'avvio 174, Tue Feb  7 16:36:50 2017

[SALITO] Bambino al piano 1, destinazione 0, tempo dall'avvio 180, Tue Feb  7 16:36:56 2017

[SALITO] Bambino al piano 1, destinazione 2, tempo dall'avvio 180, Tue Feb  7 16:36:56 2017

[SCESO] Bambino al piano 0, tempo dall'avvio 186, Tue Feb  7 16:37:02 2017

[SCESO] Bambino al piano 0, tempo dall'avvio 186, Tue Feb  7 16:37:02 2017

[SCESO] Bambino al piano 0, tempo dall'avvio 186, Tue Feb  7 16:37:02 2017

[SALITO] Bambino al piano 0, destinazione 3, tempo dall'avvio 186, Tue Feb  7 16:37:02 2017

[SALITO] Adulto al piano 0, destinazione 2, tempo dall'avvio 186, Tue Feb  7 16:37:02 2017

[SCESO] Bambino al piano 2, tempo dall'avvio 198, Tue Feb  7 16:37:14 2017

[SCESO] Adulto al piano 2, tempo dall'avvio 198, Tue Feb  7 16:37:14 2017

[SALITO] Bambino al piano 2, destinazione 0, tempo dall'avvio 198, Tue Feb  7 16:37:14 2017

[SALITO] Adulto al piano 2, destinazione 3, tempo dall'avvio 198, Tue Feb  7 16:37:14 2017

[SCESO] Adulto al piano 3, tempo dall'avvio 204, Tue Feb  7 16:37:20 2017

[SCESO] Bambino al piano 3, tempo dall'avvio 204, Tue Feb  7 16:37:20 2017

[SCESO] Adulto al piano 3, tempo dall'avvio 204, Tue Feb  7 16:37:20 2017

[SALITO] Bambino al piano 3, destinazione 2, tempo dall'avvio 204, Tue Feb  7 16:37:20 2017

[SALITO] Addetto alla consegna al piano 3, destinazione 0, tempo dall'avvio 204, Tue Feb  7 16:37:20 2017

[SALITO] Bambino al piano 3, destinazione 2, tempo dall'avvio 204, Tue Feb  7 16:37:20 2017

[SALITO] Adulto al piano 3, destinazione 1, tempo dall'avvio 204, Tue Feb  7 16:37:20 2017

[SCESO] Bambino al piano 2, tempo dall'avvio 210, Tue Feb  7 16:37:26 2017

[SCESO] Bambino al piano 2, tempo dall'avvio 210, Tue Feb  7 16:37:26 2017

[SALITO] Adulto al piano 2, destinazione 3, tempo dall'avvio 210, Tue Feb  7 16:37:26 2017

[SCESO] Adulto al piano 1, tempo dall'avvio 216, Tue Feb  7 16:37:32 2017

[SALITO] Adulto al piano 1, destinazione 3, tempo dall'avvio 216, Tue Feb  7 16:37:32 2017

[SCESO] Bambino al piano 0, tempo dall'avvio 222, Tue Feb  7 16:37:38 2017

[SCESO] Addetto alla consegna al piano 0, tempo dall'avvio 222, Tue Feb  7 16:37:38 2017

[SALITO] Adulto al piano 0, destinazione 1, tempo dall'avvio 222, Tue Feb  7 16:37:38 2017

[SCESO] Adulto al piano 1, tempo dall'avvio 228, Tue Feb  7 16:37:44 2017

[SALITO] Adulto al piano 1, destinazione 3, tempo dall'avvio 228, Tue Feb  7 16:37:44 2017

[SALITO] Bambino al piano 2, destinazione 1, tempo dall'avvio 234, Tue Feb  7 16:37:50 2017

[SCESO] Adulto al piano 3, tempo dall'avvio 240, Tue Feb  7 16:37:56 2017

[SCESO] Adulto al piano 3, tempo dall'avvio 240, Tue Feb  7 16:37:56 2017

[SCESO] Adulto al piano 3, tempo dall'avvio 240, Tue Feb  7 16:37:56 2017

[SALITO] Addetto alla consegna al piano 3, destinazione 0, tempo dall'avvio 240, Tue Feb  7 16:37:56 2017

[SALITO] Bambino al piano 3, destinazione 0, tempo dall'avvio 240, Tue Feb  7 16:37:56 2017

[SALITO] Adulto al piano 3, destinazione 2, tempo dall'avvio 240, Tue Feb  7 16:37:56 2017

[SALITO] Bambino al piano 3, destinazione 1, tempo dall'avvio 240, Tue Feb  7 16:37:56 2017

[SCESO] Adulto al piano 2, tempo dall'avvio 246, Tue Feb  7 16:38:02 2017

[SALITO] Addetto alla consegna al piano 2, destinazione 1, tempo dall'avvio 246, Tue Feb  7 16:38:02 2017

[SCESO] Bambino al piano 1, tempo dall'avvio 252, Tue Feb  7 16:38:08 2017

[SCESO] Bambino al piano 1, tempo dall'avvio 252, Tue Feb  7 16:38:08 2017

[SCESO] Addetto alla consegna al piano 1, tempo dall'avvio 252, Tue Feb  7 16:38:08 2017

[SALITO] Addetto alla consegna al piano 1, destinazione 2, tempo dall'avvio 252, Tue Feb  7 16:38:08 2017

[SALITO] Adulto al piano 1, destinazione 2, tempo dall'avvio 252, Tue Feb  7 16:38:08 2017

[SCESO] Addetto alla consegna al piano 0, tempo dall'avvio 258, Tue Feb  7 16:38:14 2017

[SCESO] Bambino al piano 0, tempo dall'avvio 258, Tue Feb  7 16:38:14 2017

[SALITO] Addetto alla consegna al piano 0, destinazione 3, tempo dall'avvio 258, Tue Feb  7 16:38:14 2017

[SCESO] Addetto alla consegna al piano 2, tempo dall'avvio 270, Tue Feb  7 16:38:26 2017

[SCESO] Adulto al piano 2, tempo dall'avvio 270, Tue Feb  7 16:38:26 2017

[SALITO] Bambino al piano 2, destinazione 0, tempo dall'avvio 270, Tue Feb  7 16:38:26 2017

[SALITO] Addetto alla consegna al piano 2, destinazione 1, tempo dall'avvio 270, Tue Feb  7 16:38:26 2017

[SALITO] Bambino al piano 2, destinazione 0, tempo dall'avvio 270, Tue Feb  7 16:38:26 2017

[SCESO] Addetto alla consegna al piano 3, tempo dall'avvio 276, Tue Feb  7 16:38:32 2017

[SALITO] Bambino al piano 3, destinazione 2, tempo dall'avvio 276, Tue Feb  7 16:38:32 2017

[SALITO] Bambino al piano 3, destinazione 1, tempo dall'avvio 276, Tue Feb  7 16:38:32 2017

[SCESO] Bambino al piano 2, tempo dall'avvio 282, Tue Feb  7 16:38:38 2017

[SALITO] Adulto al piano 2, destinazione 3, tempo dall'avvio 282, Tue Feb  7 16:38:38 2017

[SCESO] Addetto alla consegna al piano 1, tempo dall'avvio 288, Tue Feb  7 16:38:44 2017

[SCESO] Bambino al piano 1, tempo dall'avvio 288, Tue Feb  7 16:38:44 2017

[SALITO] Adulto al piano 1, destinazione 2, tempo dall'avvio 288, Tue Feb  7 16:38:44 2017

[SALITO] Bambino al piano 1, destinazione 0, tempo dall'avvio 288, Tue Feb  7 16:38:44 2017

[SCESO] Bambino al piano 0, tempo dall'avvio 294, Tue Feb  7 16:38:50 2017

[SCESO] Bambino al piano 0, tempo dall'avvio 294, Tue Feb  7 16:38:50 2017

[SCESO] Bambino al piano 0, tempo dall'avvio 294, Tue Feb  7 16:38:50 2017

[SALITO] Addetto alla consegna al piano 0, destinazione 3, tempo dall'avvio 294, Tue Feb  7 16:38:50 2017

[SALITO] Bambino al piano 1, destinazione 0, tempo dall'avvio 300, Tue Feb  7 16:38:56 2017

[SCESO] Adulto al piano 2, tempo dall'avvio 306, Tue Feb  7 16:39:02 2017

[SALITO] Adulto al piano 2, destinazione 3, tempo dall'avvio 306, Tue Feb  7 16:39:02 2017

[SCESO] Adulto al piano 3, tempo dall'avvio 312, Tue Feb  7 16:39:08 2017

[SCESO] Addetto alla consegna al piano 3, tempo dall'avvio 312, Tue Feb  7 16:39:08 2017

[SCESO] Adulto al piano 3, tempo dall'avvio 312, Tue Feb  7 16:39:08 2017

[SALITO] Adulto al piano 3, destinazione 0, tempo dall'avvio 312, Tue Feb  7 16:39:08 2017

[SALITO] Addetto alla consegna al piano 3, destinazione 1, tempo dall'avvio 312, Tue Feb  7 16:39:08 2017

[SALITO] Adulto al piano 3, destinazione 2, tempo dall'avvio 312, Tue Feb  7 16:39:08 2017

[SCESO] Adulto al piano 2, tempo dall'avvio 318, Tue Feb  7 16:39:14 2017

[SCESO] Addetto alla consegna al piano 1, tempo dall'avvio 324, Tue Feb  7 16:39:20 2017

[SCESO] Bambino al piano 0, tempo dall'avvio 330, Tue Feb  7 16:39:26 2017

[SCESO] Adulto al piano 0, tempo dall'avvio 330, Tue Feb  7 16:39:26 2017

[SALITO] Adulto al piano 0, destinazione 2, tempo dall'avvio 330, Tue Feb  7 16:39:26 2017

[SALITO] Bambino al piano 0, destinazione 1, tempo dall'avvio 330, Tue Feb  7 16:39:26 2017

[SALITO] Bambino al piano 0, destinazione 2, tempo dall'avvio 330, Tue Feb  7 16:39:26 2017

[SALITO] Bambino al piano 0, destinazione 1, tempo dall'avvio 330, Tue Feb  7 16:39:26 2017

[SALITO] Bambino al piano 0, destinazione 3, tempo dall'avvio 330, Tue Feb  7 16:39:26 2017

[SCESO] Bambino al piano 1, tempo dall'avvio 336, Tue Feb  7 16:39:32 2017

[SCESO] Bambino al piano 1, tempo dall'avvio 336, Tue Feb  7 16:39:32 2017

[SCESO] Adulto al piano 2, tempo dall'avvio 342, Tue Feb  7 16:39:38 2017

[SCESO] Bambino al piano 2, tempo dall'avvio 342, Tue Feb  7 16:39:38 2017

[SCESO] Bambino al piano 3, tempo dall'avvio 348, Tue Feb  7 16:39:44 2017

Terminazione ascensore Tue Feb  7 16:40:08 2017
 (1486482008)
Riassunto attivita' giornaliera:
Totale persone trasportate 72
Bambini 30
Adulti 26
Addetti alle consegne 16
