Avvio del piano: Tue Feb  7 16:33:56 2017
 (1486481636)
[GENERATO] Bambino, destinazione piano 3, tempo dall'avvio 2, Tue Feb  7 16:33:58 2017

[GENERATO] Adulto, destinazione piano 2, tempo dall'avvio 16, Tue Feb  7 16:34:12 2017

[GENERATO] Addetto alla consegna, destinazione piano 1, tempo dall'avvio 24, Tue Feb  7 16:34:20 2017

[GENERATO] Bambino, destinazione piano 3, tempo dall'avvio 28, Tue Feb  7 16:34:24 2017

[GENERATO] Addetto alla consegna, destinazione piano 2, tempo dall'avvio 35, Tue Feb  7 16:34:31 2017

[GENERATO] Adulto, destinazione piano 1, tempo dall'avvio 38, Tue Feb  7 16:34:34 2017

[GENERATO] Bambino, destinazione piano 2, tempo dall'avvio 45, Tue Feb  7 16:34:41 2017

[GENERATO] Bambino, destinazione piano 3, tempo dall'avvio 48, Tue Feb  7 16:34:44 2017

[GENERATO] Adulto, destinazione piano 2, tempo dall'avvio 55, Tue Feb  7 16:34:51 2017

[GENERATO] Adulto, destinazione piano 1, tempo dall'avvio 58, Tue Feb  7 16:34:54 2017

[GENERATO] Addetto alla consegna, destinazione piano 3, tempo dall'avvio 65, Tue Feb  7 16:35:01 2017

[GENERATO] Addetto alla consegna, destinazione piano 3, tempo dall'avvio 72, Tue Feb  7 16:35:08 2017

[GENERATO] Adulto, destinazione piano 2, tempo dall'avvio 78, Tue Feb  7 16:35:14 2017

[GENERATO] Bambino, destinazione piano 1, tempo dall'avvio 84, Tue Feb  7 16:35:20 2017

[GENERATO] Bambino, destinazione piano 2, tempo dall'avvio 88, Tue Feb  7 16:35:24 2017

[GENERATO] Bambino, destinazione piano 1, tempo dall'avvio 92, Tue Feb  7 16:35:28 2017

[GENERATO] Bambino, destinazione piano 3, tempo dall'avvio 98, Tue Feb  7 16:35:34 2017

[GENERATO] Addetto alla consegna, destinazione piano 1, tempo dall'avvio 110, Tue Feb  7 16:35:46 2017

[GENERATO] Adulto, destinazione piano 2, tempo dall'avvio 120, Tue Feb  7 16:35:56 2017

[GENERATO] Adulto, destinazione piano 3, tempo dall'avvio 130, Tue Feb  7 16:36:06 2017

[GENERATO] Bambino, destinazione piano 2, tempo dall'avvio 134, Tue Feb  7 16:36:10 2017

[GENERATO] Bambino, destinazione piano 1, tempo dall'avvio 139, Tue Feb  7 16:36:15 2017

[GENERATO] Adulto, destinazione piano 2, tempo dall'avvio 145, Tue Feb  7 16:36:21 2017

[GENERATO] Adulto, destinazione piano 3, tempo dall'avvio 151, Tue Feb  7 16:36:27 2017

[GENERATO] Adulto, destinazione piano 2, tempo dall'avvio 156, Tue Feb  7 16:36:32 2017

[GENERATO] Adulto, destinazione piano 3, tempo dall'avvio 161, Tue Feb  7 16:36:37 2017

[GENERATO] Bambino, destinazione piano 1, tempo dall'avvio 165, Tue Feb  7 16:36:41 2017

[GENERATO] Addetto alla consegna, destinazione piano 2, tempo dall'avvio 168, Tue Feb  7 16:36:44 2017

[GENERATO] Adulto, destinazione piano 3, tempo dall'avvio 179, Tue Feb  7 16:36:55 2017

[GENERATO] Bambino, destinazione piano 2, tempo dall'avvio 185, Tue Feb  7 16:37:01 2017

Terminazione piano, Tue Feb  7 16:39:26 2017
 (1486481966)
