Avvio del piano: Tue Feb  7 16:33:56 2017
 (1486481636)
[GENERATO] Bambino, destinazione piano 0, tempo dall'avvio 14, Tue Feb  7 16:34:10 2017

[GENERATO] Adulto, destinazione piano 2, tempo dall'avvio 20, Tue Feb  7 16:34:16 2017

[GENERATO] Addetto alla consegna, destinazione piano 1, tempo dall'avvio 24, Tue Feb  7 16:34:20 2017

[GENERATO] Bambino, destinazione piano 0, tempo dall'avvio 31, Tue Feb  7 16:34:27 2017

[GENERATO] Adulto, destinazione piano 2, tempo dall'avvio 35, Tue Feb  7 16:34:31 2017

[GENERATO] Adulto, destinazione piano 1, tempo dall'avvio 38, Tue Feb  7 16:34:34 2017

[GENERATO] Bambino, destinazione piano 2, tempo dall'avvio 46, Tue Feb  7 16:34:42 2017

[GENERATO] Addetto alla consegna, destinazione piano 0, tempo dall'avvio 49, Tue Feb  7 16:34:45 2017

[GENERATO] Bambino, destinazione piano 2, tempo dall'avvio 55, Tue Feb  7 16:34:51 2017

[GENERATO] Adulto, destinazione piano 1, tempo dall'avvio 59, Tue Feb  7 16:34:55 2017

[GENERATO] Addetto alla consegna, destinazione piano 0, tempo dall'avvio 66, Tue Feb  7 16:35:02 2017

[GENERATO] Bambino, destinazione piano 0, tempo dall'avvio 73, Tue Feb  7 16:35:09 2017

[GENERATO] Adulto, destinazione piano 2, tempo dall'avvio 80, Tue Feb  7 16:35:16 2017

[GENERATO] Bambino, destinazione piano 1, tempo dall'avvio 84, Tue Feb  7 16:35:20 2017

[GENERATO] Bambino, destinazione piano 2, tempo dall'avvio 89, Tue Feb  7 16:35:25 2017

[GENERATO] Bambino, destinazione piano 1, tempo dall'avvio 93, Tue Feb  7 16:35:29 2017

[GENERATO] Adulto, destinazione piano 0, tempo dall'avvio 98, Tue Feb  7 16:35:34 2017

[GENERATO] Addetto alla consegna, destinazione piano 1, tempo dall'avvio 111, Tue Feb  7 16:35:47 2017

[GENERATO] Adulto, destinazione piano 2, tempo dall'avvio 124, Tue Feb  7 16:36:00 2017

[GENERATO] Adulto, destinazione piano 0, tempo dall'avvio 132, Tue Feb  7 16:36:08 2017

[GENERATO] Bambino, destinazione piano 2, tempo dall'avvio 136, Tue Feb  7 16:36:12 2017

[GENERATO] Adulto, destinazione piano 1, tempo dall'avvio 140, Tue Feb  7 16:36:16 2017

[GENERATO] Bambino, destinazione piano 2, tempo dall'avvio 145, Tue Feb  7 16:36:21 2017

[GENERATO] Adulto, destinazione piano 0, tempo dall'avvio 151, Tue Feb  7 16:36:27 2017

[GENERATO] Adulto, destinazione piano 1, tempo dall'avvio 157, Tue Feb  7 16:36:33 2017

[GENERATO] Bambino, destinazione piano 0, tempo dall'avvio 162, Tue Feb  7 16:36:38 2017

[GENERATO] Bambino, destinazione piano 0, tempo dall'avvio 165, Tue Feb  7 16:36:41 2017

[GENERATO] Addetto alla consegna, destinazione piano 2, tempo dall'avvio 170, Tue Feb  7 16:36:46 2017

[GENERATO] Adulto, destinazione piano 2, tempo dall'avvio 179, Tue Feb  7 16:36:55 2017

[GENERATO] Bambino, destinazione piano 2, tempo dall'avvio 185, Tue Feb  7 16:37:01 2017

Terminazione piano, Tue Feb  7 16:39:08 2017
 (1486481948)
