Avvio del piano: Tue Feb  7 16:33:56 2017
 (1486481636)
[GENERATO] Adulto, destinazione piano 0, tempo dall'avvio 4, Tue Feb  7 16:34:00 2017

[GENERATO] Bambino, destinazione piano 0, tempo dall'avvio 8, Tue Feb  7 16:34:04 2017

[GENERATO] Adulto, destinazione piano 2, tempo dall'avvio 11, Tue Feb  7 16:34:07 2017

[GENERATO] Addetto alla consegna, destinazione piano 3, tempo dall'avvio 16, Tue Feb  7 16:34:12 2017

[GENERATO] Adulto, destinazione piano 2, tempo dall'avvio 22, Tue Feb  7 16:34:18 2017

[GENERATO] Addetto alla consegna, destinazione piano 3, tempo dall'avvio 30, Tue Feb  7 16:34:26 2017

[GENERATO] Bambino, destinazione piano 2, tempo dall'avvio 35, Tue Feb  7 16:34:31 2017

[GENERATO] Bambino, destinazione piano 0, tempo dall'avvio 40, Tue Feb  7 16:34:36 2017

[GENERATO] Bambino, destinazione piano 0, tempo dall'avvio 46, Tue Feb  7 16:34:42 2017

[GENERATO] Bambino, destinazione piano 2, tempo dall'avvio 52, Tue Feb  7 16:34:48 2017

[GENERATO] Adulto, destinazione piano 3, tempo dall'avvio 58, Tue Feb  7 16:34:54 2017

[GENERATO] Adulto, destinazione piano 3, tempo dall'avvio 64, Tue Feb  7 16:35:00 2017

[GENERATO] Addetto alla consegna, destinazione piano 2, tempo dall'avvio 69, Tue Feb  7 16:35:05 2017

[GENERATO] Adulto, destinazione piano 2, tempo dall'avvio 73, Tue Feb  7 16:35:09 2017

[GENERATO] Adulto, destinazione piano 2, tempo dall'avvio 80, Tue Feb  7 16:35:16 2017

[GENERATO] Bambino, destinazione piano 0, tempo dall'avvio 84, Tue Feb  7 16:35:20 2017

[GENERATO] Bambino, destinazione piano 0, tempo dall'avvio 90, Tue Feb  7 16:35:26 2017

[GENERATO] Addetto alla consegna, destinazione piano 0, tempo dall'avvio 96, Tue Feb  7 16:35:32 2017

[GENERATO] Adulto, destinazione piano 2, tempo dall'avvio 100, Tue Feb  7 16:35:36 2017

[GENERATO] Adulto, destinazione piano 3, tempo dall'avvio 104, Tue Feb  7 16:35:40 2017

[GENERATO] Addetto alla consegna, destinazione piano 0, tempo dall'avvio 107, Tue Feb  7 16:35:43 2017

[GENERATO] Bambino, destinazione piano 0, tempo dall'avvio 112, Tue Feb  7 16:35:48 2017

[GENERATO] Bambino, destinazione piano 3, tempo dall'avvio 125, Tue Feb  7 16:36:01 2017

[GENERATO] Bambino, destinazione piano 2, tempo dall'avvio 134, Tue Feb  7 16:36:10 2017

[GENERATO] Adulto, destinazione piano 3, tempo dall'avvio 149, Tue Feb  7 16:36:25 2017

[GENERATO] Addetto alla consegna, destinazione piano 2, tempo dall'avvio 158, Tue Feb  7 16:36:34 2017

[GENERATO] Adulto, destinazione piano 3, tempo dall'avvio 168, Tue Feb  7 16:36:44 2017

[GENERATO] Bambino, destinazione piano 3, tempo dall'avvio 172, Tue Feb  7 16:36:48 2017

[GENERATO] Addetto alla consegna, destinazione piano 0, tempo dall'avvio 180, Tue Feb  7 16:36:56 2017

[GENERATO] Bambino, destinazione piano 0, tempo dall'avvio 190, Tue Feb  7 16:37:06 2017

Terminazione piano, Tue Feb  7 16:38:56 2017
 (1486481936)
