Avvio del piano: Tue Feb  7 16:33:56 2017
 (1486481636)
[GENERATO] Bambino, destinazione piano 1, tempo dall'avvio 12, Tue Feb  7 16:34:08 2017

[GENERATO] Addetto alla consegna, destinazione piano 0, tempo dall'avvio 16, Tue Feb  7 16:34:12 2017

[GENERATO] Adulto, destinazione piano 3, tempo dall'avvio 19, Tue Feb  7 16:34:15 2017

[GENERATO] Addetto alla consegna, destinazione piano 1, tempo dall'avvio 22, Tue Feb  7 16:34:18 2017

[GENERATO] Adulto, destinazione piano 0, tempo dall'avvio 26, Tue Feb  7 16:34:22 2017

[GENERATO] Addetto alla consegna, destinazione piano 3, tempo dall'avvio 32, Tue Feb  7 16:34:28 2017

[GENERATO] Bambino, destinazione piano 0, tempo dall'avvio 36, Tue Feb  7 16:34:32 2017

[GENERATO] Bambino, destinazione piano 1, tempo dall'avvio 40, Tue Feb  7 16:34:36 2017

[GENERATO] Adulto, destinazione piano 3, tempo dall'avvio 48, Tue Feb  7 16:34:44 2017

[GENERATO] Bambino, destinazione piano 0, tempo dall'avvio 53, Tue Feb  7 16:34:49 2017

[GENERATO] Adulto, destinazione piano 3, tempo dall'avvio 58, Tue Feb  7 16:34:54 2017

[GENERATO] Adulto, destinazione piano 3, tempo dall'avvio 67, Tue Feb  7 16:35:03 2017

[GENERATO] Bambino, destinazione piano 1, tempo dall'avvio 70, Tue Feb  7 16:35:06 2017

[GENERATO] Addetto alla consegna, destinazione piano 1, tempo dall'avvio 75, Tue Feb  7 16:35:11 2017

[GENERATO] Bambino, destinazione piano 0, tempo dall'avvio 80, Tue Feb  7 16:35:16 2017

[GENERATO] Addetto alla consegna, destinazione piano 1, tempo dall'avvio 84, Tue Feb  7 16:35:20 2017

[GENERATO] Bambino, destinazione piano 0, tempo dall'avvio 90, Tue Feb  7 16:35:26 2017

[GENERATO] Adulto, destinazione piano 3, tempo dall'avvio 94, Tue Feb  7 16:35:30 2017

[GENERATO] Adulto, destinazione piano 3, tempo dall'avvio 104, Tue Feb  7 16:35:40 2017

[GENERATO] Bambino, destinazione piano 1, tempo dall'avvio 109, Tue Feb  7 16:35:45 2017

[GENERATO] Adulto, destinazione piano 0, tempo dall'avvio 112, Tue Feb  7 16:35:48 2017

[GENERATO] Bambino, destinazione piano 0, tempo dall'avvio 117, Tue Feb  7 16:35:53 2017

[GENERATO] Bambino, destinazione piano 3, tempo dall'avvio 125, Tue Feb  7 16:36:01 2017

[GENERATO] Addetto alla consegna, destinazione piano 1, tempo dall'avvio 134, Tue Feb  7 16:36:10 2017

[GENERATO] Adulto, destinazione piano 3, tempo dall'avvio 149, Tue Feb  7 16:36:25 2017

[GENERATO] Addetto alla consegna, destinazione piano 1, tempo dall'avvio 162, Tue Feb  7 16:36:38 2017

[GENERATO] Adulto, destinazione piano 3, tempo dall'avvio 168, Tue Feb  7 16:36:44 2017

[GENERATO] Bambino, destinazione piano 3, tempo dall'avvio 172, Tue Feb  7 16:36:48 2017

[GENERATO] Addetto alla consegna, destinazione piano 0, tempo dall'avvio 182, Tue Feb  7 16:36:58 2017

[GENERATO] Bambino, destinazione piano 0, tempo dall'avvio 190, Tue Feb  7 16:37:06 2017

Terminazione piano, Tue Feb  7 16:39:02 2017
 (1486481942)
